<?xml version="1.0" encoding="UTF-8"?>
<!-- Generated by org.testng.reporters.JUnitReportReporter -->
<testsuite skipped="0" hostname="LAPTOP-60J7QEQ1" name="base.BaseClass" tests="1" failures="0" timestamp="01 Oct 2022 22:24:04 GMT" time="6.680" errors="0">
  <testcase name="setUp" time="6.680" classname="base.BaseClass"/>
</testsuite> <!-- base.BaseClass -->
