<?xml version="1.0" encoding="UTF-8"?>
<!-- Generated by org.testng.reporters.JUnitReportReporter -->
<testsuite skipped="5" hostname="LAPTOP-60J7QEQ1" name="TestPages.HomePageTest" tests="6" failures="0" timestamp="27 Sep 2022 22:34:30 GMT" time="5.180" errors="0">
  <testcase name="clickIAgreeCheckBoxTest" time="5.180" classname="TestPages.HomePageTest"/>
  <testcase name="clickPassWordFieldTest" classname="TestPages.HomePageTest">
    <skipped/>
  </testcase> <!-- clickPassWordFieldTest -->
  <testcase name="logoTest" classname="TestPages.HomePageTest">
    <skipped/>
  </testcase> <!-- logoTest -->
  <testcase name="loginButtonTest" classname="TestPages.HomePageTest">
    <skipped/>
  </testcase> <!-- loginButtonTest -->
  <testcase name="clickUserIdFielTest" classname="TestPages.HomePageTest">
    <skipped/>
  </testcase> <!-- clickUserIdFielTest -->
  <testcase name="clickUnlockButtonFieldTest" classname="TestPages.HomePageTest">
    <skipped/>
  </testcase> <!-- clickUnlockButtonFieldTest -->
</testsuite> <!-- TestPages.HomePageTest -->
